    2  3  1  0  3  1  6  2  2  0 
1 [ .  C  .                      ]
1 [ .  .  .                      ]
1 [ .  .                         ]
3 [ L                            ]
3 [ .  .                         ]
0 [                      .  .  . ]
4 [ .  .  .                 R    ]
3 [    R                 .  .  . ]
0 [ .  .  .        .     .       ]
4 [                   M          ]
[1, 2, 3, 3]
4 ((1, 6), (2, 6), (3, 6), (4, 6))
4 ((6, 5), (6, 6), (6, 7), (6, 8))
4 ((9, 4), (9, 5), (9, 6), (9, 7))
4 ((9, 5), (9, 6), (9, 7), (9, 8))
    2  3  1  0  3  1  6  2  2  0 
1 [ .  C  .  .  .  .  .  .  .  . ]
1 [ .  .  .  .  .  .  t  .  .  . ]
1 [ .  .  .  .  .  .  m  .  .  . ]
3 [ L        .     .  m  .     . ]
3 [ .  .     .     .  b  .     . ]
0 [ .  .  .  .  .  .  .  .  .  . ]
4 [ .  .  .  .              R  . ]
3 [    R     .           .  .  . ]
0 [ .  .  .  .  .  .  .  .  .  . ]
4 [          .        M        . ]
[0, 2, 3, 3]
space 9,5True
begin 9,5True
middle 9,5True
end 9,5True
verify False
3 ((6, 6), (6, 7), (6, 8))
3 ((9, 5), (9, 6), (9, 7))
    2  3  1  0  3  1  6  2  2  0 
1 [ .  C  .  .  .  .  .  .  .  . ]
1 [ .  .  .  .  .  .  t  .  .  . ]
1 [ .  .  .  .  .  .  m  .  .  . ]
3 [ L        .     .  m  .     . ]
3 [ .  .     .     .  b  .     . ]
0 [ .  .  .  .  .  .  .  .  .  . ]
4 [ .  .  .  .     .  l  m  R  . ]
3 [    R     .     .  .  .  .  . ]
0 [ .  .  .  .  .  .  .  .  .  . ]
4 [          .        M        . ]
[0, 1, 3, 3]
space 9,5True
begin 9,5True
middle 9,5True
end 9,5True
verify False
3 ((9, 5), (9, 6), (9, 7))
    2  3  1  0  3  1  6  2  2  0 
1 [ .  C  .  .  .  .  .  .  .  . ]
1 [ .  .  .  .  .  .  t  .  .  . ]
1 [ .  .  .  .  .  .  m  .  .  . ]
3 [ L        .     .  m  .     . ]
3 [ .  .     .     .  b  .     . ]
0 [ .  .  .  .  .  .  .  .  .  . ]
4 [ .  .  .  .     .  l  m  R  . ]
3 [    R     .     .  .  .  .  . ]
0 [ .  .  .  .  .  .  .  .  .  . ]
4 [          .  .  l  M  r  .  . ]
[0, 0, 3, 3]
2 ((3, 4), (4, 4))
2 ((6, 4), (7, 4))
2 ((3, 0), (3, 1))
2 ((7, 0), (7, 1))
    2  3  1  0  3  1  6  2  2  0 
1 [ .  C  .  .  .  .  .  .  .  . ]
1 [ .  .  .  .  .  .  t  .  .  . ]
1 [ .  .  .  .  .  .  m  .  .  . ]
3 [ L  .  .  .  t  .  m  .  .  . ]
3 [ .  .     .  b  .  b  .     . ]
0 [ .  .  .  .  .  .  .  .  .  . ]
4 [ .  .  .  .     .  l  m  R  . ]
3 [    R     .     .  .  .  .  . ]
0 [ .  .  .  .  .  .  .  .  .  . ]
4 [          .  .  l  M  r  .  . ]
[0, 0, 2, 3]
2 ((7, 0), (7, 1))
    2  3  1  0  3  1  6  2  2  0 
1 [ .  C  .  .  .  .  .  .  .  . ]
1 [ .  .  .  .  .  .  t  .  .  . ]
1 [ .  .  .  .  .  .  m  .  .  . ]
3 [ L        .     .  m  .     . ]
3 [ .  .     .     .  b  .     . ]
0 [ .  .  .  .  .  .  .  .  .  . ]
4 [ .  .  .  .  t  .  l  m  R  . ]
3 [    R     .  b  .  .  .  .  . ]
0 [ .  .  .  .  .  .  .  .  .  . ]
4 [          .  .  l  M  r  .  . ]
[0, 0, 2, 3]
2 ((3, 0), (3, 1))
2 ((7, 0), (7, 1))
    2  3  1  0  3  1  6  2  2  0 
1 [ .  C  .  .  .  .  .  .  .  . ]
1 [ .  .  .  .  .  .  t  .  .  . ]
1 [ .  .  .  .  .  .  m  .  .  . ]
3 [ L  r  .  .  .  .  m  .  .  . ]
3 [ .  .  .  .     .  b  .     . ]
0 [ .  .  .  .  .  .  .  .  .  . ]
4 [ .  .  .  .  t  .  l  m  R  . ]
3 [    R     .  b  .  .  .  .  . ]
0 [ .  .  .  .  .  .  .  .  .  . ]
4 [    .     .  .  l  M  r  .  . ]
[0, 0, 1, 3]
2 ((7, 0), (7, 1))
    2  3  1  0  3  1  6  2  2  0 
1 [ .  C  .  .  .  .  .  .  .  . ]
1 [ .  .  .  .  .  .  t  .  .  . ]
1 [ .  .  .  .  .  .  m  .  .  . ]
3 [ L  r  .  .  .  .  m  .  .  . ]
3 [ .  .  .  .     .  b  .     . ]
0 [ .  .  .  .  .  .  .  .  .  . ]
4 [ .  .  .  .  t  .  l  m  R  . ]
3 [ l  R  .  .  b  .  .  .  .  . ]
0 [ .  .  .  .  .  .  .  .  .  . ]
4 [ .  .     .  .  l  M  r  .  . ]
[0, 0, 0, 3]
    2  3  1  0  3  1  6  2  2  0 
1 [ .  C  .  .  .  .  .  .  .  . ]
1 [ .  .  .  .  .  .  t  .  .  . ]
1 [ .  .  .  .  .  .  m  .  .  . ]
3 [ L  r  .  .  .  .  m  .  .  . ]
3 [ .  .  .  .  c  .  b  .     . ]
0 [ .  .  .  .  .  .  .  .  .  . ]
4 [ .  .  .  .  t  .  l  m  R  . ]
3 [ l  R  .  .  b  .  .  .  .  . ]
0 [ .  .  .  .  .  .  .  .  .  . ]
4 [ .  .     .  .  l  M  r  .  . ]
[0, 0, 0, 2]
    2  3  1  0  3  1  6  2  2  0 
1 [ .  C  .  .  .  .  .  .  .  . ]
1 [ .  .  .  .  .  .  t  .  .  . ]
1 [ .  .  .  .  .  .  m  .  .  . ]
3 [ L  r  .  .  .  .  m  .  .  . ]
3 [ .  .  .  .  c  .  b  .  c  . ]
0 [ .  .  .  .  .  .  .  .  .  . ]
4 [ .  .  .  .  t  .  l  m  R  . ]
3 [ l  R  .  .  b  .  .  .  .  . ]
0 [ .  .  .  .  .  .  .  .  .  . ]
4 [ .  .     .  .  l  M  r  .  . ]
[0, 0, 0, 1]
.C........
......t...
......m...
Lr....m...
....c.b.c.
..........
....t.lmR.
lR..b.....
..........
..c..lMr..
